#
# There is insufficient memory for the Java Runtime Environment to continue.
# Native memory allocation (mmap) failed to map 266338304 bytes for Failed to commit area from 0x0000000703400000 to 0x0000000713200000 of length 266338304.
# Possible reasons:
#   The system is out of physical RAM or swap space
#   The process is running with CompressedOops enabled, and the Java Heap may be blocking the growth of the native heap
# Possible solutions:
#   Reduce memory load on the system
#   Increase physical memory or swap space
#   Check if swap backing store is full
#   Decrease Java heap size (-Xmx/-Xms)
#   Decrease number of Java threads
#   Decrease Java thread stack sizes (-Xss)
#   Set larger code cache with -XX:ReservedCodeCacheSize=
# This output file may be truncated or incomplete.
#
#  Out of Memory Error (./src/hotspot/os/windows/os_windows.cpp:3301), pid=2892, tid=29612
#
# JRE version:  (11.0.11+9) (build )
# Java VM: OpenJDK 64-Bit Server VM (11.0.11+9-b60-7590822, mixed mode, sharing, tiered, compressed oops, g1 gc, windows-amd64)
# No core dump will be written. Minidumps are not enabled by default on client versions of Windows
#

---------------  S U M M A R Y ------------

Command Line: org.jetbrains.git4idea.http.GitAskPassApp Username for 'https://github.com': 

Host: Intel(R) Core(TM) i7-10750H CPU @ 2.60GHz, 12 cores, 15G,  Windows 10 , 64 bit Build 22000 (10.0.22000.434)
Time: Thu Apr 14 11:11:16 2022 Paris, Madrid (heure d’été) elapsed time: 0.014976 seconds (0d 0h 0m 0s)

---------------  T H R E A D  ---------------

Current thread (0x0000016c6e6c1000):  JavaThread "Unknown thread" [_thread_in_vm, id=29612, stack(0x00000066f0000000,0x00000066f0100000)]

Stack: [0x00000066f0000000,0x00000066f0100000]
Native frames: (J=compiled Java code, j=interpreted, Vv=VM code, C=native code)
V  [jvm.dll+0x5f214a]
V  [jvm.dll+0x726fb5]
V  [jvm.dll+0x7285cd]
V  [jvm.dll+0x728c83]
V  [jvm.dll+0x243278]
V  [jvm.dll+0x5ef544]
V  [jvm.dll+0x5e4495]
V  [jvm.dll+0x2fec5b]
V  [jvm.dll+0x2febca]
V  [jvm.dll+0x2feaa2]
V  [jvm.dll+0x303986]
V  [jvm.dll+0x34c3a3]
V  [jvm.dll+0x34caa6]
V  [jvm.dll+0x34c4a3]
V  [jvm.dll+0x2d9688]
V  [jvm.dll+0x2da837]
V  [jvm.dll+0x705ba7]
V  [jvm.dll+0x70739c]
V  [jvm.dll+0x3598f9]
V  [jvm.dll+0x6e931e]
V  [jvm.dll+0x3c1c43]
V  [jvm.dll+0x3c3e81]
C  [jli.dll+0x5373]
C  [ucrtbase.dll+0x26c0c]
C  [KERNEL32.DLL+0x154e0]
C  [ntdll.dll+0x485b]


---------------  P R O C E S S  ---------------

Threads class SMR info:
_java_thread_list=0x0000016c6c3139b0, length=0, elements={
}

Java Threads: ( => current thread )

Other Threads:
  0x0000016c6e6d8800 GCTaskThread "GC Thread#0" [stack: 0x00000066f0100000,0x00000066f0200000] [id=16516]
  0x0000016c6e735800 ConcurrentGCThread "G1 Main Marker" [stack: 0x00000066f0200000,0x00000066f0300000] [id=7964]
  0x0000016c6e737000 ConcurrentGCThread "G1 Conc#0" [stack: 0x00000066f0300000,0x00000066f0400000] [id=26060]

[error occurred during error reporting (printing all threads), id 0xc0000005, EXCEPTION_ACCESS_VIOLATION (0xc0000005) at pc=0x00007ffeb76e9c47]

VM state:not at safepoint (not fully initialized)

VM Mutex/Monitor currently owned by a thread:  ([mutex/lock_event])
[0x0000016c6e6bce50] Heap_lock - owner thread: 0x0000016c6e6c1000

Heap address: 0x0000000703400000, size: 4044 MB, Compressed Oops mode: Non-zero based: 0x0000000703400000
Narrow klass base: 0x0000000000000000, Narrow klass shift: 0

GC Heap History (0 events):
No events

Deoptimization events (0 events):
No events

Classes redefined (0 events):
No events

Internal exceptions (0 events):
No events

Events (1 events):
Event: 0.009 Loaded shared library E:\android studio\jre\bin\zip.dll


Dynamic libraries:
0x00007ff76a710000 - 0x00007ff76a71a000 	E:\android studio\jre\bin\java.exe
0x00007fff7de20000 - 0x00007fff7e029000 	C:\WINDOWS\SYSTEM32\ntdll.dll
0x00007fff7ce30000 - 0x00007fff7ceed000 	C:\WINDOWS\System32\KERNEL32.DLL
0x00007fff7b310000 - 0x00007fff7b684000 	C:\WINDOWS\System32\KERNELBASE.dll
0x00007fff7b7d0000 - 0x00007fff7b8e1000 	C:\WINDOWS\System32\ucrtbase.dll
0x00007fff595a0000 - 0x00007fff595b9000 	E:\android studio\jre\bin\jli.dll
0x00007fff63160000 - 0x00007fff63177000 	E:\android studio\jre\bin\VCRUNTIME140.dll
0x00007fff7cc80000 - 0x00007fff7ce2c000 	C:\WINDOWS\System32\USER32.dll
0x00007fff62780000 - 0x00007fff62a25000 	C:\WINDOWS\WinSxS\amd64_microsoft.windows.common-controls_6595b64144ccf1df_6.0.22000.120_none_9d947278b86cc467\COMCTL32.dll
0x00007fff7ba10000 - 0x00007fff7ba36000 	C:\WINDOWS\System32\win32u.dll
0x00007fff7bdd0000 - 0x00007fff7be73000 	C:\WINDOWS\System32\msvcrt.dll
0x00007fff7d7e0000 - 0x00007fff7d809000 	C:\WINDOWS\System32\GDI32.dll
0x00007fff7b8f0000 - 0x00007fff7ba02000 	C:\WINDOWS\System32\gdi32full.dll
0x00007fff7bc20000 - 0x00007fff7bcbd000 	C:\WINDOWS\System32\msvcp_win.dll
0x00007fff7dda0000 - 0x00007fff7ddd1000 	C:\WINDOWS\System32\IMM32.DLL
0x00007fff112c0000 - 0x00007fff1135d000 	E:\android studio\jre\bin\msvcp140.dll
0x00007ffeb7400000 - 0x00007ffeb7ed5000 	E:\android studio\jre\bin\server\jvm.dll
0x00007fff7c040000 - 0x00007fff7c0ee000 	C:\WINDOWS\System32\ADVAPI32.dll
0x00007fff7c410000 - 0x00007fff7c4ae000 	C:\WINDOWS\System32\sechost.dll
0x00007fff7d6c0000 - 0x00007fff7d7e0000 	C:\WINDOWS\System32\RPCRT4.dll
0x00007fff7d6b0000 - 0x00007fff7d6b8000 	C:\WINDOWS\System32\PSAPI.DLL
0x00007fff6a110000 - 0x00007fff6a143000 	C:\WINDOWS\SYSTEM32\WINMM.dll
0x00007fff54af0000 - 0x00007fff54af9000 	C:\WINDOWS\SYSTEM32\WSOCK32.dll
0x00007fff6f760000 - 0x00007fff6f76a000 	C:\WINDOWS\SYSTEM32\VERSION.dll
0x00007fff7c9d0000 - 0x00007fff7ca3f000 	C:\WINDOWS\System32\WS2_32.dll
0x00007fff7a500000 - 0x00007fff7a518000 	C:\WINDOWS\SYSTEM32\kernel.appcore.dll
0x00007fff691d0000 - 0x00007fff691e1000 	E:\android studio\jre\bin\verify.dll
0x00007fff788c0000 - 0x00007fff78ae1000 	C:\WINDOWS\SYSTEM32\DBGHELP.DLL
0x00007fff6cea0000 - 0x00007fff6ced1000 	C:\WINDOWS\SYSTEM32\dbgcore.DLL
0x00007fff7b750000 - 0x00007fff7b7cf000 	C:\WINDOWS\System32\bcryptPrimitives.dll
0x00007fff69140000 - 0x00007fff69169000 	E:\android studio\jre\bin\java.dll
0x00007fff691c0000 - 0x00007fff691cb000 	E:\android studio\jre\bin\jimage.dll
0x00007fff68f20000 - 0x00007fff68f38000 	E:\android studio\jre\bin\zip.dll

dbghelp: loaded successfully - version: 4.0.5 - missing functions: none
symbol engine: initialized successfully - sym options: 0x614 - pdb path: .;E:\android studio\jre\bin;C:\WINDOWS\SYSTEM32;C:\WINDOWS\WinSxS\amd64_microsoft.windows.common-controls_6595b64144ccf1df_6.0.22000.120_none_9d947278b86cc467;E:\android studio\jre\bin\server

VM Arguments:
java_command: org.jetbrains.git4idea.http.GitAskPassApp Username for 'https://github.com': 
java_class_path (initial): E:/android studio/plugins/git4idea/lib/git4idea-rt.jar;E:/android studio/lib/xmlrpc-2.0.1.jar;E:/android studio/lib/commons-codec-1.15.jar
Launcher Type: SUN_STANDARD

[Global flags]
     intx CICompilerCount                          = 4                                         {product} {ergonomic}
     uint ConcGCThreads                            = 3                                         {product} {ergonomic}
     uint G1ConcRefinementThreads                  = 10                                        {product} {ergonomic}
   size_t G1HeapRegionSize                         = 1048576                                   {product} {ergonomic}
    uintx GCDrainStackTargetSize                   = 64                                        {product} {ergonomic}
   size_t InitialHeapSize                          = 266338304                                 {product} {ergonomic}
   size_t MarkStackSize                            = 4194304                                   {product} {ergonomic}
   size_t MaxHeapSize                              = 4240441344                                {product} {ergonomic}
   size_t MinHeapDeltaBytes                        = 1048576                                   {product} {ergonomic}
    uintx NonNMethodCodeHeapSize                   = 5836300                                {pd product} {ergonomic}
    uintx NonProfiledCodeHeapSize                  = 122910970                              {pd product} {ergonomic}
    uintx ProfiledCodeHeapSize                     = 122910970                              {pd product} {ergonomic}
    uintx ReservedCodeCacheSize                    = 251658240                              {pd product} {ergonomic}
     bool SegmentedCodeCache                       = true                                      {product} {ergonomic}
     bool UseCompressedClassPointers               = true                                 {lp64_product} {ergonomic}
     bool UseCompressedOops                        = true                                 {lp64_product} {ergonomic}
     bool UseG1GC                                  = true                                      {product} {ergonomic}
     bool UseLargePagesIndividualAllocation        = false                                  {pd product} {ergonomic}

Logging:
Log output configuration:
 #0: stdout all=warning uptime,level,tags
 #1: stderr all=off uptime,level,tags

Environment Variables:
PATH=C:\Program Files\Git\mingw64\libexec\git-core;C:\Program Files\Git\mingw64\libexec\git-core;C:\Program Files\Git\mingw64\bin;C:\Program Files\Git\usr\bin;C:\Users\Loan\bin;C:\Program Files\Common Files\Oracle\Java\javapath;C:\Windows\system32;C:\Windows;C:\Windows\System32\Wbem;C:\Windows\System32\WindowsPowerShell\v1.0;C:\Windows\System32\OpenSSH;C:\Program Files (x86)\NVIDIA Corporation\PhysX\Common;C:\Program Files\NVIDIA Corporation\NVIDIA NvDLISR;C:\Program Files\dotnet;C:\Program Files\Microsoft SQL Server\130\Tools\Binn;C:\Program Files\Git\cmd;C:\MinGW\bin;E:\nodejs;C:\wamp64\bin\php\php5.6.40;C:\ProgramData\ComposerSetup\bin;E:\Microsoft;C:\Program Files;%SystemRoot%\system32;%SystemRoot%;%SystemRoot%\System32\Wbem;%SYSTEMROOT%\System32\WindowsPowerShell\v1.0;%SYSTEMROOT%\System32\OpenSSH;C:\Users\Loan\AppData\Local\Programs\Python\Python39\Scripts;C:\Users\Loan\AppData\Local\Programs\Python\Python39;C:\Users\Loan\AppData\Local\Microsoft\WindowsApps;C:\Users\Loan\AppData\Local\Programs\Microsoft VS Code\bin;C:\Users\Loan\AppData\Roaming\npm;C:\Program Files\JetBrains\PyCharm 2021.1.1\bin;C:\Users\Loan\AppData\Roaming\Composer\vendor\bin;C:\Program Files\JetBrains\IntelliJ IDEA 2021.2\bin;C:\Program Files\JetBrains\CLion 2021.2.2\bin;E:\jetbrains\WebStorm 2021.3.3\bin;E:\rider\JetBrains Rider 2021.3.4\bin
USERNAME=Loan
DISPLAY=:0.0
LC_ALL=en_US.UTF-8
OS=Windows_NT
PROCESSOR_IDENTIFIER=Intel64 Family 6 Model 165 Stepping 2, GenuineIntel



---------------  S Y S T E M  ---------------

OS: Windows 10 , 64 bit Build 22000 (10.0.22000.434)
OS uptime: 0 days 1:31 hours

CPU:total 12 (initial active 12) (6 cores per cpu, 2 threads per core) family 6 model 165 stepping 2 microcode 0xe0, cmov, cx8, fxsr, mmx, sse, sse2, sse3, ssse3, sse4.1, sse4.2, popcnt, avx, avx2, aes, clmul, erms, 3dnowpref, lzcnt, ht, tsc, tscinvbit, bmi1, bmi2, adx, fma

Memory: 4k page, system-wide physical 16169M (4233M free)
TotalPageFile size 20258M (AvailPageFile size 109M)
current process WorkingSet (physical memory assigned to process): 10M, peak: 10M
current process commit charge ("private bytes"): 64M, peak: 318M

vm_info: OpenJDK 64-Bit Server VM (11.0.11+9-b60-7590822) for windows-amd64 JRE (11.0.11+9-b60-7590822), built on Jul 29 2021 21:43:44 by "builder" with MS VC++ 14.0 (VS2015)

END.
